2026-06-25 23:52:27,043 - aqt.main - INFO - installer 20904 aqtinstall(aqt) v3.3.0 on Python 3.13.13 [CPython MSC v.1944 64 bit (AMD64)]
2026-06-25 23:52:27,044 - aqt.helper - DEBUG - helper 20904 Attempt to download checksum at https://download.qt.io/online/qtsdkrepository/windows_x86/desktop/qt6_6100/qt6_6100/Updates.xml.sha256
2026-06-25 23:52:29,331 - aqt.helper - DEBUG - helper 20904 Attempt to download checksum at https://download.qt.io/online/qtsdkrepository/windows_x86/extensions/qtwebengine/6100/msvc2022_64/Updates.xml.sha256
2026-06-25 23:52:31,263 - aqt.archives - INFO - archives 20904 Found extension qtwebengine
2026-06-25 23:52:31,264 - aqt.helper - DEBUG - helper 20904 Attempt to download checksum at https://download.qt.io/online/qtsdkrepository/windows_x86/extensions/qtpdf/6100/msvc2022_64/Updates.xml.sha256
2026-06-25 23:52:33,231 - aqt.archives - INFO - archives 20904 Found extension qtpdf
2026-06-25 23:52:33,243 - aqt.main - ERROR - installer 20904 The packages ['qtbase'] were not found while parsing XML of package information!
==============================Suggested follow-up:==============================
* Please use 'aqt list-qt windows desktop --modules 6.10.0 <arch>' to show modules available.
2026-06-25 23:52:39,129 - aqt.helper - DEBUG - helper 36192 Attempt to download checksum at https://download.qt.io/online/qtsdkrepository/windows_x86/desktop/qt6_6100/qt6_6100/Updates.xml.sha256
2026-06-25 23:52:41,158 - aqt.helper - DEBUG - helper 36192 Attempt to download checksum at https://download.qt.io/online/qtsdkrepository/windows_x86/extensions/qtpdf/6100/msvc2022_64/Updates.xml.sha256
2026-06-25 23:52:43,146 - aqt.helper - DEBUG - helper 36192 Attempt to download checksum at https://download.qt.io/online/qtsdkrepository/windows_x86/extensions/qtwebengine/6100/msvc2022_64/Updates.xml.sha256
2026-06-25 23:52:50,134 - aqt.main - INFO - installer 33860 aqtinstall(aqt) v3.3.0 on Python 3.13.13 [CPython MSC v.1944 64 bit (AMD64)]
2026-06-25 23:52:50,134 - aqt.helper - DEBUG - helper 33860 Attempt to download checksum at https://download.qt.io/online/qtsdkrepository/windows_x86/desktop/qt6_6100/qt6_6100/Updates.xml.sha256
2026-06-25 23:52:52,222 - aqt.helper - DEBUG - helper 33860 Attempt to download checksum at https://download.qt.io/online/qtsdkrepository/windows_x86/extensions/qtwebengine/6100/msvc2022_64/Updates.xml.sha256
2026-06-25 23:52:54,136 - aqt.archives - INFO - archives 33860 Found extension qtwebengine
2026-06-25 23:52:54,136 - aqt.helper - DEBUG - helper 33860 Attempt to download checksum at https://download.qt.io/online/qtsdkrepository/windows_x86/extensions/qtpdf/6100/msvc2022_64/Updates.xml.sha256
2026-06-25 23:52:56,049 - aqt.archives - INFO - archives 33860 Found extension qtpdf
2026-06-25 23:52:56,915 - aqt.helper - DEBUG - helper 13372 Attempt to download checksum at https://download.qt.io/online/qtsdkrepository/windows_x86/desktop/qt6_6100/qt6_6100/qt.qt6.6100.win64_msvc2022_64/6.10.0-0-202510021201qtbase-Windows-Windows_11_24H2-MSVC2022-Windows-Windows_11_24H2-X86_64.7z.sha256
2026-06-25 23:52:56,929 - aqt.helper - DEBUG - helper 31760 Attempt to download checksum at https://download.qt.io/online/qtsdkrepository/windows_x86/desktop/qt6_6100/qt6_6100/qt.qt6.6100.win64_msvc2022_64/6.10.0-0-202510021201qtsvg-Windows-Windows_11_24H2-MSVC2022-Windows-Windows_11_24H2-X86_64.7z.sha256
2026-06-25 23:52:56,939 - aqt.helper - DEBUG - helper 36096 Attempt to download checksum at https://download.qt.io/online/qtsdkrepository/windows_x86/desktop/qt6_6100/qt6_6100/qt.qt6.6100.win64_msvc2022_64/6.10.0-0-202510021201qtdeclarative-Windows-Windows_11_24H2-MSVC2022-Windows-Windows_11_24H2-X86_64.7z.sha256
2026-06-25 23:52:57,033 - aqt.helper - DEBUG - helper 36980 Attempt to download checksum at https://download.qt.io/online/qtsdkrepository/windows_x86/desktop/qt6_6100/qt6_6100/qt.qt6.6100.win64_msvc2022_64/6.10.0-0-202510021201qttools-Windows-Windows_11_24H2-MSVC2022-Windows-Windows_11_24H2-X86_64.7z.sha256
2026-06-25 23:52:57,943 - aqt.helper - INFO - helper 31760 Downloading qtsvg...
2026-06-25 23:52:57,943 - aqt.installer - DEBUG - installer 31760 Download URL: https://download.qt.io/online/qtsdkrepository/windows_x86/desktop/qt6_6100/qt6_6100/qt.qt6.6100.win64_msvc2022_64/6.10.0-0-202510021201qtsvg-Windows-Windows_11_24H2-MSVC2022-Windows-Windows_11_24H2-X86_64.7z
2026-06-25 23:52:57,958 - aqt.helper - INFO - helper 13372 Downloading qtbase...
2026-06-25 23:52:57,958 - aqt.installer - DEBUG - installer 13372 Download URL: https://download.qt.io/online/qtsdkrepository/windows_x86/desktop/qt6_6100/qt6_6100/qt.qt6.6100.win64_msvc2022_64/6.10.0-0-202510021201qtbase-Windows-Windows_11_24H2-MSVC2022-Windows-Windows_11_24H2-X86_64.7z
2026-06-25 23:52:58,039 - aqt.helper - INFO - helper 36096 Downloading qtdeclarative...
2026-06-25 23:52:58,039 - aqt.installer - DEBUG - installer 36096 Download URL: https://download.qt.io/online/qtsdkrepository/windows_x86/desktop/qt6_6100/qt6_6100/qt.qt6.6100.win64_msvc2022_64/6.10.0-0-202510021201qtdeclarative-Windows-Windows_11_24H2-MSVC2022-Windows-Windows_11_24H2-X86_64.7z
2026-06-25 23:52:58,104 - aqt.helper - INFO - helper 36980 Downloading qttools...
2026-06-25 23:52:58,104 - aqt.installer - DEBUG - installer 36980 Download URL: https://download.qt.io/online/qtsdkrepository/windows_x86/desktop/qt6_6100/qt6_6100/qt.qt6.6100.win64_msvc2022_64/6.10.0-0-202510021201qttools-Windows-Windows_11_24H2-MSVC2022-Windows-Windows_11_24H2-X86_64.7z
2026-06-25 23:52:58,954 - aqt.helper - DEBUG - helper 31760 Asked to redirect(302) to: https://qt.mirror.constant.com/online/qtsdkrepository/windows_x86/desktop/qt6_6100/qt6_6100/qt.qt6.6100.win64_msvc2022_64/6.10.0-0-202510021201qtsvg-Windows-Windows_11_24H2-MSVC2022-Windows-Windows_11_24H2-X86_64.7z
2026-06-25 23:52:58,955 - aqt.helper - INFO - helper 31760 Redirected: qt.mirror.constant.com
2026-06-25 23:52:58,992 - aqt.helper - DEBUG - helper 13372 Asked to redirect(302) to: https://qt.mirror.constant.com/online/qtsdkrepository/windows_x86/desktop/qt6_6100/qt6_6100/qt.qt6.6100.win64_msvc2022_64/6.10.0-0-202510021201qtbase-Windows-Windows_11_24H2-MSVC2022-Windows-Windows_11_24H2-X86_64.7z
2026-06-25 23:52:58,993 - aqt.helper - INFO - helper 13372 Redirected: qt.mirror.constant.com
2026-06-25 23:52:59,106 - aqt.helper - DEBUG - helper 36096 Asked to redirect(302) to: https://qt.mirror.constant.com/online/qtsdkrepository/windows_x86/desktop/qt6_6100/qt6_6100/qt.qt6.6100.win64_msvc2022_64/6.10.0-0-202510021201qtdeclarative-Windows-Windows_11_24H2-MSVC2022-Windows-Windows_11_24H2-X86_64.7z
2026-06-25 23:52:59,106 - aqt.helper - INFO - helper 36096 Redirected: qt.mirror.constant.com
2026-06-25 23:52:59,118 - aqt.helper - DEBUG - helper 36980 Asked to redirect(302) to: https://qt.mirror.constant.com/online/qtsdkrepository/windows_x86/desktop/qt6_6100/qt6_6100/qt.qt6.6100.win64_msvc2022_64/6.10.0-0-202510021201qttools-Windows-Windows_11_24H2-MSVC2022-Windows-Windows_11_24H2-X86_64.7z
2026-06-25 23:52:59,118 - aqt.helper - INFO - helper 36980 Redirected: qt.mirror.constant.com
2026-06-25 23:53:00,421 - aqt.installer - INFO - installer 31760 Finished installation of qtsvg-Windows-Windows_11_24H2-MSVC2022-Windows-Windows_11_24H2-X86_64.7z in 3.49501020
2026-06-25 23:53:00,437 - aqt.helper - DEBUG - helper 31760 Attempt to download checksum at https://download.qt.io/online/qtsdkrepository/windows_x86/desktop/qt6_6100/qt6_6100/qt.qt6.6100.win64_msvc2022_64/6.10.0-0-202510021201qttranslations-Windows-Windows_11_24H2-MSVC2022-Windows-Windows_11_24H2-X86_64.7z.sha256
2026-06-25 23:53:01,914 - aqt.helper - INFO - helper 31760 Downloading qttranslations...
2026-06-25 23:53:01,914 - aqt.installer - DEBUG - installer 31760 Download URL: https://download.qt.io/online/qtsdkrepository/windows_x86/desktop/qt6_6100/qt6_6100/qt.qt6.6100.win64_msvc2022_64/6.10.0-0-202510021201qttranslations-Windows-Windows_11_24H2-MSVC2022-Windows-Windows_11_24H2-X86_64.7z
2026-06-25 23:53:03,643 - aqt.helper - DEBUG - helper 31760 Asked to redirect(302) to: https://qt.mirror.constant.com/online/qtsdkrepository/windows_x86/desktop/qt6_6100/qt6_6100/qt.qt6.6100.win64_msvc2022_64/6.10.0-0-202510021201qttranslations-Windows-Windows_11_24H2-MSVC2022-Windows-Windows_11_24H2-X86_64.7z
2026-06-25 23:53:03,643 - aqt.helper - INFO - helper 31760 Redirected: qt.mirror.constant.com
2026-06-25 23:53:06,330 - aqt.installer - INFO - installer 31760 Finished installation of qttranslations-Windows-Windows_11_24H2-MSVC2022-Windows-Windows_11_24H2-X86_64.7z in 5.89844200
2026-06-25 23:53:06,349 - aqt.helper - DEBUG - helper 31760 Attempt to download checksum at https://download.qt.io/online/qtsdkrepository/windows_x86/desktop/qt6_6100/qt6_6100/qt.qt6.6100.win64_msvc2022_64/6.10.0-0-202510021201d3dcompiler_47-x64.7z.sha256
2026-06-25 23:53:07,361 - aqt.helper - INFO - helper 31760 Downloading d3dcompiler_47...
2026-06-25 23:53:07,361 - aqt.installer - DEBUG - installer 31760 Download URL: https://download.qt.io/online/qtsdkrepository/windows_x86/desktop/qt6_6100/qt6_6100/qt.qt6.6100.win64_msvc2022_64/6.10.0-0-202510021201d3dcompiler_47-x64.7z
2026-06-25 23:53:08,494 - aqt.helper - DEBUG - helper 31760 Asked to redirect(302) to: https://qt.mirror.constant.com/online/qtsdkrepository/windows_x86/desktop/qt6_6100/qt6_6100/qt.qt6.6100.win64_msvc2022_64/6.10.0-0-202510021201d3dcompiler_47-x64.7z
2026-06-25 23:53:08,494 - aqt.helper - INFO - helper 31760 Redirected: qt.mirror.constant.com
2026-06-25 23:53:09,318 - aqt.installer - INFO - installer 36980 Finished installation of qttools-Windows-Windows_11_24H2-MSVC2022-Windows-Windows_11_24H2-X86_64.7z in 12.28984530
2026-06-25 23:53:09,336 - aqt.helper - DEBUG - helper 36980 Attempt to download checksum at https://download.qt.io/online/qtsdkrepository/windows_x86/desktop/qt6_6100/qt6_6100/qt.qt6.6100.win64_msvc2022_64/6.10.0-0-202510021201opengl32sw-64-mesa_11_2_2-signed_sha256.7z.sha256
2026-06-25 23:53:10,774 - aqt.helper - INFO - helper 36980 Downloading opengl32sw...
2026-06-25 23:53:10,774 - aqt.installer - DEBUG - installer 36980 Download URL: https://download.qt.io/online/qtsdkrepository/windows_x86/desktop/qt6_6100/qt6_6100/qt.qt6.6100.win64_msvc2022_64/6.10.0-0-202510021201opengl32sw-64-mesa_11_2_2-signed_sha256.7z
2026-06-25 23:53:11,057 - aqt.installer - INFO - installer 31760 Finished installation of d3dcompiler_47-x64.7z in 4.71101030
2026-06-25 23:53:12,173 - aqt.helper - DEBUG - helper 36980 Asked to redirect(302) to: https://qt.mirror.constant.com/online/qtsdkrepository/windows_x86/desktop/qt6_6100/qt6_6100/qt.qt6.6100.win64_msvc2022_64/6.10.0-0-202510021201opengl32sw-64-mesa_11_2_2-signed_sha256.7z
2026-06-25 23:53:12,173 - aqt.helper - INFO - helper 36980 Redirected: qt.mirror.constant.com
2026-06-25 23:53:13,905 - aqt.installer - INFO - installer 36980 Finished installation of opengl32sw-64-mesa_11_2_2-signed_sha256.7z in 4.57147710
2026-06-25 23:53:18,055 - aqt.installer - INFO - installer 13372 Finished installation of qtbase-Windows-Windows_11_24H2-MSVC2022-Windows-Windows_11_24H2-X86_64.7z in 21.14280570
2026-06-25 23:53:38,306 - aqt.installer - INFO - installer 36096 Finished installation of qtdeclarative-Windows-Windows_11_24H2-MSVC2022-Windows-Windows_11_24H2-X86_64.7z in 41.36999010
2026-06-25 23:53:38,526 - aqt.updater - INFO - updater 33860 Patching c:\Users\JustinPC\Desktop\ShadPS4Dump\.qt\6.10.0\msvc2022_64\bin\qmake.exe
2026-06-25 23:53:38,530 - aqt.updater - INFO - updater 33860 Patching c:\Users\JustinPC\Desktop\ShadPS4Dump\.qt\6.10.0\msvc2022_64\lib\Qt6Concurrent.prl
2026-06-25 23:53:38,538 - aqt.updater - INFO - updater 33860 Patching c:\Users\JustinPC\Desktop\ShadPS4Dump\.qt\6.10.0\msvc2022_64\lib\Qt6Concurrentd.prl
2026-06-25 23:53:38,545 - aqt.updater - INFO - updater 33860 Patching c:\Users\JustinPC\Desktop\ShadPS4Dump\.qt\6.10.0\msvc2022_64\lib\Qt6Core.prl
2026-06-25 23:53:38,553 - aqt.updater - INFO - updater 33860 Patching c:\Users\JustinPC\Desktop\ShadPS4Dump\.qt\6.10.0\msvc2022_64\lib\Qt6Cored.prl
2026-06-25 23:53:38,561 - aqt.updater - INFO - updater 33860 Patching c:\Users\JustinPC\Desktop\ShadPS4Dump\.qt\6.10.0\msvc2022_64\lib\Qt6DBus.prl
2026-06-25 23:53:38,568 - aqt.updater - INFO - updater 33860 Patching c:\Users\JustinPC\Desktop\ShadPS4Dump\.qt\6.10.0\msvc2022_64\lib\Qt6DBusd.prl
2026-06-25 23:53:38,576 - aqt.updater - INFO - updater 33860 Patching c:\Users\JustinPC\Desktop\ShadPS4Dump\.qt\6.10.0\msvc2022_64\lib\Qt6Designer.prl
2026-06-25 23:53:38,584 - aqt.updater - INFO - updater 33860 Patching c:\Users\JustinPC\Desktop\ShadPS4Dump\.qt\6.10.0\msvc2022_64\lib\Qt6DesignerComponents.prl
2026-06-25 23:53:38,591 - aqt.updater - INFO - updater 33860 Patching c:\Users\JustinPC\Desktop\ShadPS4Dump\.qt\6.10.0\msvc2022_64\lib\Qt6DesignerComponentsd.prl
2026-06-25 23:53:38,598 - aqt.updater - INFO - updater 33860 Patching c:\Users\JustinPC\Desktop\ShadPS4Dump\.qt\6.10.0\msvc2022_64\lib\Qt6Designerd.prl
2026-06-25 23:53:38,607 - aqt.updater - INFO - updater 33860 Patching c:\Users\JustinPC\Desktop\ShadPS4Dump\.qt\6.10.0\msvc2022_64\lib\Qt6DeviceDiscoverySupport.prl
2026-06-25 23:53:38,615 - aqt.updater - INFO - updater 33860 Patching c:\Users\JustinPC\Desktop\ShadPS4Dump\.qt\6.10.0\msvc2022_64\lib\Qt6DeviceDiscoverySupportd.prl
2026-06-25 23:53:38,622 - aqt.updater - INFO - updater 33860 Patching c:\Users\JustinPC\Desktop\ShadPS4Dump\.qt\6.10.0\msvc2022_64\lib\Qt6EntryPoint.prl
2026-06-25 23:53:38,630 - aqt.updater - INFO - updater 33860 Patching c:\Users\JustinPC\Desktop\ShadPS4Dump\.qt\6.10.0\msvc2022_64\lib\Qt6EntryPointd.prl
2026-06-25 23:53:38,638 - aqt.updater - INFO - updater 33860 Patching c:\Users\JustinPC\Desktop\ShadPS4Dump\.qt\6.10.0\msvc2022_64\lib\Qt6ExampleIcons.prl
2026-06-25 23:53:38,658 - aqt.updater - INFO - updater 33860 Patching c:\Users\JustinPC\Desktop\ShadPS4Dump\.qt\6.10.0\msvc2022_64\lib\Qt6ExampleIconsd.prl
2026-06-25 23:53:38,668 - aqt.updater - INFO - updater 33860 Patching c:\Users\JustinPC\Desktop\ShadPS4Dump\.qt\6.10.0\msvc2022_64\lib\Qt6ExamplesAssetDownloader.prl
2026-06-25 23:53:38,676 - aqt.updater - INFO - updater 33860 Patching c:\Users\JustinPC\Desktop\ShadPS4Dump\.qt\6.10.0\msvc2022_64\lib\Qt6ExamplesAssetDownloaderd.prl
2026-06-25 23:53:38,683 - aqt.updater - INFO - updater 33860 Patching c:\Users\JustinPC\Desktop\ShadPS4Dump\.qt\6.10.0\msvc2022_64\lib\Qt6FbSupport.prl
2026-06-25 23:53:38,689 - aqt.updater - INFO - updater 33860 Patching c:\Users\JustinPC\Desktop\ShadPS4Dump\.qt\6.10.0\msvc2022_64\lib\Qt6FbSupportd.prl
2026-06-25 23:53:38,696 - aqt.updater - INFO - updater 33860 Patching c:\Users\JustinPC\Desktop\ShadPS4Dump\.qt\6.10.0\msvc2022_64\lib\Qt6Gui.prl
2026-06-25 23:53:38,703 - aqt.updater - INFO - updater 33860 Patching c:\Users\JustinPC\Desktop\ShadPS4Dump\.qt\6.10.0\msvc2022_64\lib\Qt6Guid.prl
2026-06-25 23:53:38,710 - aqt.updater - INFO - updater 33860 Patching c:\Users\JustinPC\Desktop\ShadPS4Dump\.qt\6.10.0\msvc2022_64\lib\Qt6Help.prl
2026-06-25 23:53:38,718 - aqt.updater - INFO - updater 33860 Patching c:\Users\JustinPC\Desktop\ShadPS4Dump\.qt\6.10.0\msvc2022_64\lib\Qt6Helpd.prl
2026-06-25 23:53:38,726 - aqt.updater - INFO - updater 33860 Patching c:\Users\JustinPC\Desktop\ShadPS4Dump\.qt\6.10.0\msvc2022_64\lib\Qt6LabsAnimation.prl
2026-06-25 23:53:38,733 - aqt.updater - INFO - updater 33860 Patching c:\Users\JustinPC\Desktop\ShadPS4Dump\.qt\6.10.0\msvc2022_64\lib\Qt6LabsAnimationd.prl
2026-06-25 23:53:38,740 - aqt.updater - INFO - updater 33860 Patching c:\Users\JustinPC\Desktop\ShadPS4Dump\.qt\6.10.0\msvc2022_64\lib\Qt6LabsFolderListModel.prl
2026-06-25 23:53:38,747 - aqt.updater - INFO - updater 33860 Patching c:\Users\JustinPC\Desktop\ShadPS4Dump\.qt\6.10.0\msvc2022_64\lib\Qt6LabsFolderListModeld.prl
2026-06-25 23:53:38,754 - aqt.updater - INFO - updater 33860 Patching c:\Users\JustinPC\Desktop\ShadPS4Dump\.qt\6.10.0\msvc2022_64\lib\Qt6LabsPlatform.prl
2026-06-25 23:53:38,762 - aqt.updater - INFO - updater 33860 Patching c:\Users\JustinPC\Desktop\ShadPS4Dump\.qt\6.10.0\msvc2022_64\lib\Qt6LabsPlatformd.prl
2026-06-25 23:53:38,770 - aqt.updater - INFO - updater 33860 Patching c:\Users\JustinPC\Desktop\ShadPS4Dump\.qt\6.10.0\msvc2022_64\lib\Qt6LabsQmlModels.prl
2026-06-25 23:53:38,778 - aqt.updater - INFO - updater 33860 Patching c:\Users\JustinPC\Desktop\ShadPS4Dump\.qt\6.10.0\msvc2022_64\lib\Qt6LabsQmlModelsd.prl
2026-06-25 23:53:38,786 - aqt.updater - INFO - updater 33860 Patching c:\Users\JustinPC\Desktop\ShadPS4Dump\.qt\6.10.0\msvc2022_64\lib\Qt6LabsSettings.prl
2026-06-25 23:53:38,792 - aqt.updater - INFO - updater 33860 Patching c:\Users\JustinPC\Desktop\ShadPS4Dump\.qt\6.10.0\msvc2022_64\lib\Qt6LabsSettingsd.prl
2026-06-25 23:53:38,799 - aqt.updater - INFO - updater 33860 Patching c:\Users\JustinPC\Desktop\ShadPS4Dump\.qt\6.10.0\msvc2022_64\lib\Qt6LabsSharedImage.prl
2026-06-25 23:53:38,806 - aqt.updater - INFO - updater 33860 Patching c:\Users\JustinPC\Desktop\ShadPS4Dump\.qt\6.10.0\msvc2022_64\lib\Qt6LabsSharedImaged.prl
2026-06-25 23:53:38,813 - aqt.updater - INFO - updater 33860 Patching c:\Users\JustinPC\Desktop\ShadPS4Dump\.qt\6.10.0\msvc2022_64\lib\Qt6LabsSynchronizer.prl
2026-06-25 23:53:38,821 - aqt.updater - INFO - updater 33860 Patching c:\Users\JustinPC\Desktop\ShadPS4Dump\.qt\6.10.0\msvc2022_64\lib\Qt6LabsSynchronizerd.prl
2026-06-25 23:53:38,831 - aqt.updater - INFO - updater 33860 Patching c:\Users\JustinPC\Desktop\ShadPS4Dump\.qt\6.10.0\msvc2022_64\lib\Qt6LabsWavefrontMesh.prl
2026-06-25 23:53:38,838 - aqt.updater - INFO - updater 33860 Patching c:\Users\JustinPC\Desktop\ShadPS4Dump\.qt\6.10.0\msvc2022_64\lib\Qt6LabsWavefrontMeshd.prl
2026-06-25 23:53:38,845 - aqt.updater - INFO - updater 33860 Patching c:\Users\JustinPC\Desktop\ShadPS4Dump\.qt\6.10.0\msvc2022_64\lib\Qt6Network.prl
2026-06-25 23:53:38,853 - aqt.updater - INFO - updater 33860 Patching c:\Users\JustinPC\Desktop\ShadPS4Dump\.qt\6.10.0\msvc2022_64\lib\Qt6Networkd.prl
2026-06-25 23:53:38,860 - aqt.updater - INFO - updater 33860 Patching c:\Users\JustinPC\Desktop\ShadPS4Dump\.qt\6.10.0\msvc2022_64\lib\Qt6OpenGL.prl
2026-06-25 23:53:38,867 - aqt.updater - INFO - updater 33860 Patching c:\Users\JustinPC\Desktop\ShadPS4Dump\.qt\6.10.0\msvc2022_64\lib\Qt6OpenGLd.prl
2026-06-25 23:53:38,874 - aqt.updater - INFO - updater 33860 Patching c:\Users\JustinPC\Desktop\ShadPS4Dump\.qt\6.10.0\msvc2022_64\lib\Qt6OpenGLWidgets.prl
2026-06-25 23:53:38,881 - aqt.updater - INFO - updater 33860 Patching c:\Users\JustinPC\Desktop\ShadPS4Dump\.qt\6.10.0\msvc2022_64\lib\Qt6OpenGLWidgetsd.prl
2026-06-25 23:53:38,889 - aqt.updater - INFO - updater 33860 Patching c:\Users\JustinPC\Desktop\ShadPS4Dump\.qt\6.10.0\msvc2022_64\lib\Qt6PacketProtocol.prl
2026-06-25 23:53:38,897 - aqt.updater - INFO - updater 33860 Patching c:\Users\JustinPC\Desktop\ShadPS4Dump\.qt\6.10.0\msvc2022_64\lib\Qt6PacketProtocold.prl
2026-06-25 23:53:38,904 - aqt.updater - INFO - updater 33860 Patching c:\Users\JustinPC\Desktop\ShadPS4Dump\.qt\6.10.0\msvc2022_64\lib\Qt6PrintSupport.prl
2026-06-25 23:53:38,911 - aqt.updater - INFO - updater 33860 Patching c:\Users\JustinPC\Desktop\ShadPS4Dump\.qt\6.10.0\msvc2022_64\lib\Qt6PrintSupportd.prl
2026-06-25 23:53:38,918 - aqt.updater - INFO - updater 33860 Patching c:\Users\JustinPC\Desktop\ShadPS4Dump\.qt\6.10.0\msvc2022_64\lib\Qt6Qml.prl
2026-06-25 23:53:38,925 - aqt.updater - INFO - updater 33860 Patching c:\Users\JustinPC\Desktop\ShadPS4Dump\.qt\6.10.0\msvc2022_64\lib\Qt6QmlAssetDownloader.prl
2026-06-25 23:53:38,932 - aqt.updater - INFO - updater 33860 Patching c:\Users\JustinPC\Desktop\ShadPS4Dump\.qt\6.10.0\msvc2022_64\lib\Qt6QmlAssetDownloaderd.prl
2026-06-25 23:53:38,939 - aqt.updater - INFO - updater 33860 Patching c:\Users\JustinPC\Desktop\ShadPS4Dump\.qt\6.10.0\msvc2022_64\lib\Qt6QmlCompiler.prl
2026-06-25 23:53:38,946 - aqt.updater - INFO - updater 33860 Patching c:\Users\JustinPC\Desktop\ShadPS4Dump\.qt\6.10.0\msvc2022_64\lib\Qt6QmlCompilerd.prl
2026-06-25 23:53:38,954 - aqt.updater - INFO - updater 33860 Patching c:\Users\JustinPC\Desktop\ShadPS4Dump\.qt\6.10.0\msvc2022_64\lib\Qt6QmlCore.prl
2026-06-25 23:53:38,961 - aqt.updater - INFO - updater 33860 Patching c:\Users\JustinPC\Desktop\ShadPS4Dump\.qt\6.10.0\msvc2022_64\lib\Qt6QmlCored.prl
2026-06-25 23:53:38,968 - aqt.updater - INFO - updater 33860 Patching c:\Users\JustinPC\Desktop\ShadPS4Dump\.qt\6.10.0\msvc2022_64\lib\Qt6Qmld.prl
2026-06-25 23:53:38,975 - aqt.updater - INFO - updater 33860 Patching c:\Users\JustinPC\Desktop\ShadPS4Dump\.qt\6.10.0\msvc2022_64\lib\Qt6QmlDebug.prl
2026-06-25 23:53:38,983 - aqt.updater - INFO - updater 33860 Patching c:\Users\JustinPC\Desktop\ShadPS4Dump\.qt\6.10.0\msvc2022_64\lib\Qt6QmlDebugd.prl
2026-06-25 23:53:38,991 - aqt.updater - INFO - updater 33860 Patching c:\Users\JustinPC\Desktop\ShadPS4Dump\.qt\6.10.0\msvc2022_64\lib\Qt6QmlDom.prl
2026-06-25 23:53:38,998 - aqt.updater - INFO - updater 33860 Patching c:\Users\JustinPC\Desktop\ShadPS4Dump\.qt\6.10.0\msvc2022_64\lib\Qt6QmlDomd.prl
2026-06-25 23:53:39,004 - aqt.updater - INFO - updater 33860 Patching c:\Users\JustinPC\Desktop\ShadPS4Dump\.qt\6.10.0\msvc2022_64\lib\Qt6QmlFormat.prl
2026-06-25 23:53:39,011 - aqt.updater - INFO - updater 33860 Patching c:\Users\JustinPC\Desktop\ShadPS4Dump\.qt\6.10.0\msvc2022_64\lib\Qt6QmlFormatd.prl
2026-06-25 23:53:39,017 - aqt.updater - INFO - updater 33860 Patching c:\Users\JustinPC\Desktop\ShadPS4Dump\.qt\6.10.0\msvc2022_64\lib\Qt6QmlLocalStorage.prl
2026-06-25 23:53:39,024 - aqt.updater - INFO - updater 33860 Patching c:\Users\JustinPC\Desktop\ShadPS4Dump\.qt\6.10.0\msvc2022_64\lib\Qt6QmlLocalStoraged.prl
2026-06-25 23:53:39,032 - aqt.updater - INFO - updater 33860 Patching c:\Users\JustinPC\Desktop\ShadPS4Dump\.qt\6.10.0\msvc2022_64\lib\Qt6QmlLS.prl
2026-06-25 23:53:39,040 - aqt.updater - INFO - updater 33860 Patching c:\Users\JustinPC\Desktop\ShadPS4Dump\.qt\6.10.0\msvc2022_64\lib\Qt6QmlLSd.prl
2026-06-25 23:53:39,049 - aqt.updater - INFO - updater 33860 Patching c:\Users\JustinPC\Desktop\ShadPS4Dump\.qt\6.10.0\msvc2022_64\lib\Qt6QmlMeta.prl
2026-06-25 23:53:39,057 - aqt.updater - INFO - updater 33860 Patching c:\Users\JustinPC\Desktop\ShadPS4Dump\.qt\6.10.0\msvc2022_64\lib\Qt6QmlMetad.prl
2026-06-25 23:53:39,065 - aqt.updater - INFO - updater 33860 Patching c:\Users\JustinPC\Desktop\ShadPS4Dump\.qt\6.10.0\msvc2022_64\lib\Qt6QmlModels.prl
2026-06-25 23:53:39,074 - aqt.updater - INFO - updater 33860 Patching c:\Users\JustinPC\Desktop\ShadPS4Dump\.qt\6.10.0\msvc2022_64\lib\Qt6QmlModelsd.prl
2026-06-25 23:53:39,082 - aqt.updater - INFO - updater 33860 Patching c:\Users\JustinPC\Desktop\ShadPS4Dump\.qt\6.10.0\msvc2022_64\lib\Qt6QmlNetwork.prl
2026-06-25 23:53:39,088 - aqt.updater - INFO - updater 33860 Patching c:\Users\JustinPC\Desktop\ShadPS4Dump\.qt\6.10.0\msvc2022_64\lib\Qt6QmlNetworkd.prl
2026-06-25 23:53:39,094 - aqt.updater - INFO - updater 33860 Patching c:\Users\JustinPC\Desktop\ShadPS4Dump\.qt\6.10.0\msvc2022_64\lib\Qt6QmlToolingSettings.prl
2026-06-25 23:53:39,101 - aqt.updater - INFO - updater 33860 Patching c:\Users\JustinPC\Desktop\ShadPS4Dump\.qt\6.10.0\msvc2022_64\lib\Qt6QmlToolingSettingsd.prl
2026-06-25 23:53:39,109 - aqt.updater - INFO - updater 33860 Patching c:\Users\JustinPC\Desktop\ShadPS4Dump\.qt\6.10.0\msvc2022_64\lib\Qt6QmlTypeRegistrar.prl
2026-06-25 23:53:39,116 - aqt.updater - INFO - updater 33860 Patching c:\Users\JustinPC\Desktop\ShadPS4Dump\.qt\6.10.0\msvc2022_64\lib\Qt6QmlTypeRegistrard.prl
2026-06-25 23:53:39,125 - aqt.updater - INFO - updater 33860 Patching c:\Users\JustinPC\Desktop\ShadPS4Dump\.qt\6.10.0\msvc2022_64\lib\Qt6QmlWorkerScript.prl
2026-06-25 23:53:39,131 - aqt.updater - INFO - updater 33860 Patching c:\Users\JustinPC\Desktop\ShadPS4Dump\.qt\6.10.0\msvc2022_64\lib\Qt6QmlWorkerScriptd.prl
2026-06-25 23:53:39,139 - aqt.updater - INFO - updater 33860 Patching c:\Users\JustinPC\Desktop\ShadPS4Dump\.qt\6.10.0\msvc2022_64\lib\Qt6QmlXmlListModel.prl
2026-06-25 23:53:39,146 - aqt.updater - INFO - updater 33860 Patching c:\Users\JustinPC\Desktop\ShadPS4Dump\.qt\6.10.0\msvc2022_64\lib\Qt6QmlXmlListModeld.prl
2026-06-25 23:53:39,155 - aqt.updater - INFO - updater 33860 Patching c:\Users\JustinPC\Desktop\ShadPS4Dump\.qt\6.10.0\msvc2022_64\lib\Qt6Quick.prl
2026-06-25 23:53:39,161 - aqt.updater - INFO - updater 33860 Patching c:\Users\JustinPC\Desktop\ShadPS4Dump\.qt\6.10.0\msvc2022_64\lib\Qt6QuickControls2.prl
2026-06-25 23:53:39,168 - aqt.updater - INFO - updater 33860 Patching c:\Users\JustinPC\Desktop\ShadPS4Dump\.qt\6.10.0\msvc2022_64\lib\Qt6QuickControls2Basic.prl
2026-06-25 23:53:39,175 - aqt.updater - INFO - updater 33860 Patching c:\Users\JustinPC\Desktop\ShadPS4Dump\.qt\6.10.0\msvc2022_64\lib\Qt6QuickControls2Basicd.prl
2026-06-25 23:53:39,182 - aqt.updater - INFO - updater 33860 Patching c:\Users\JustinPC\Desktop\ShadPS4Dump\.qt\6.10.0\msvc2022_64\lib\Qt6QuickControls2BasicStyleImpl.prl
2026-06-25 23:53:39,188 - aqt.updater - INFO - updater 33860 Patching c:\Users\JustinPC\Desktop\ShadPS4Dump\.qt\6.10.0\msvc2022_64\lib\Qt6QuickControls2BasicStyleImpld.prl
2026-06-25 23:53:39,195 - aqt.updater - INFO - updater 33860 Patching c:\Users\JustinPC\Desktop\ShadPS4Dump\.qt\6.10.0\msvc2022_64\lib\Qt6QuickControls2d.prl
2026-06-25 23:53:39,201 - aqt.updater - INFO - updater 33860 Patching c:\Users\JustinPC\Desktop\ShadPS4Dump\.qt\6.10.0\msvc2022_64\lib\Qt6QuickControls2FluentWinUI3StyleImpl.prl
2026-06-25 23:53:39,209 - aqt.updater - INFO - updater 33860 Patching c:\Users\JustinPC\Desktop\ShadPS4Dump\.qt\6.10.0\msvc2022_64\lib\Qt6QuickControls2FluentWinUI3StyleImpld.prl
2026-06-25 23:53:39,215 - aqt.updater - INFO - updater 33860 Patching c:\Users\JustinPC\Desktop\ShadPS4Dump\.qt\6.10.0\msvc2022_64\lib\Qt6QuickControls2Fusion.prl
2026-06-25 23:53:39,222 - aqt.updater - INFO - updater 33860 Patching c:\Users\JustinPC\Desktop\ShadPS4Dump\.qt\6.10.0\msvc2022_64\lib\Qt6QuickControls2Fusiond.prl
2026-06-25 23:53:39,229 - aqt.updater - INFO - updater 33860 Patching c:\Users\JustinPC\Desktop\ShadPS4Dump\.qt\6.10.0\msvc2022_64\lib\Qt6QuickControls2FusionStyleImpl.prl
2026-06-25 23:53:39,236 - aqt.updater - INFO - updater 33860 Patching c:\Users\JustinPC\Desktop\ShadPS4Dump\.qt\6.10.0\msvc2022_64\lib\Qt6QuickControls2FusionStyleImpld.prl
2026-06-25 23:53:39,243 - aqt.updater - INFO - updater 33860 Patching c:\Users\JustinPC\Desktop\ShadPS4Dump\.qt\6.10.0\msvc2022_64\lib\Qt6QuickControls2Imagine.prl
2026-06-25 23:53:39,250 - aqt.updater - INFO - updater 33860 Patching c:\Users\JustinPC\Desktop\ShadPS4Dump\.qt\6.10.0\msvc2022_64\lib\Qt6QuickControls2Imagined.prl
2026-06-25 23:53:39,257 - aqt.updater - INFO - updater 33860 Patching c:\Users\JustinPC\Desktop\ShadPS4Dump\.qt\6.10.0\msvc2022_64\lib\Qt6QuickControls2ImagineStyleImpl.prl
2026-06-25 23:53:39,264 - aqt.updater - INFO - updater 33860 Patching c:\Users\JustinPC\Desktop\ShadPS4Dump\.qt\6.10.0\msvc2022_64\lib\Qt6QuickControls2ImagineStyleImpld.prl
2026-06-25 23:53:39,270 - aqt.updater - INFO - updater 33860 Patching c:\Users\JustinPC\Desktop\ShadPS4Dump\.qt\6.10.0\msvc2022_64\lib\Qt6QuickControls2Impl.prl
2026-06-25 23:53:39,277 - aqt.updater - INFO - updater 33860 Patching c:\Users\JustinPC\Desktop\ShadPS4Dump\.qt\6.10.0\msvc2022_64\lib\Qt6QuickControls2Impld.prl
2026-06-25 23:53:39,292 - aqt.updater - INFO - updater 33860 Patching c:\Users\JustinPC\Desktop\ShadPS4Dump\.qt\6.10.0\msvc2022_64\lib\Qt6QuickControls2Material.prl
2026-06-25 23:53:39,301 - aqt.updater - INFO - updater 33860 Patching c:\Users\JustinPC\Desktop\ShadPS4Dump\.qt\6.10.0\msvc2022_64\lib\Qt6QuickControls2Materiald.prl
2026-06-25 23:53:39,310 - aqt.updater - INFO - updater 33860 Patching c:\Users\JustinPC\Desktop\ShadPS4Dump\.qt\6.10.0\msvc2022_64\lib\Qt6QuickControls2MaterialStyleImpl.prl
2026-06-25 23:53:39,322 - aqt.updater - INFO - updater 33860 Patching c:\Users\JustinPC\Desktop\ShadPS4Dump\.qt\6.10.0\msvc2022_64\lib\Qt6QuickControls2MaterialStyleImpld.prl
2026-06-25 23:53:39,331 - aqt.updater - INFO - updater 33860 Patching c:\Users\JustinPC\Desktop\ShadPS4Dump\.qt\6.10.0\msvc2022_64\lib\Qt6QuickControls2Universal.prl
2026-06-25 23:53:39,338 - aqt.updater - INFO - updater 33860 Patching c:\Users\JustinPC\Desktop\ShadPS4Dump\.qt\6.10.0\msvc2022_64\lib\Qt6QuickControls2Universald.prl
2026-06-25 23:53:39,348 - aqt.updater - INFO - updater 33860 Patching c:\Users\JustinPC\Desktop\ShadPS4Dump\.qt\6.10.0\msvc2022_64\lib\Qt6QuickControls2UniversalStyleImpl.prl
2026-06-25 23:53:39,358 - aqt.updater - INFO - updater 33860 Patching c:\Users\JustinPC\Desktop\ShadPS4Dump\.qt\6.10.0\msvc2022_64\lib\Qt6QuickControls2UniversalStyleImpld.prl
2026-06-25 23:53:39,366 - aqt.updater - INFO - updater 33860 Patching c:\Users\JustinPC\Desktop\ShadPS4Dump\.qt\6.10.0\msvc2022_64\lib\Qt6QuickControls2WindowsStyleImpl.prl
2026-06-25 23:53:39,374 - aqt.updater - INFO - updater 33860 Patching c:\Users\JustinPC\Desktop\ShadPS4Dump\.qt\6.10.0\msvc2022_64\lib\Qt6QuickControls2WindowsStyleImpld.prl
2026-06-25 23:53:39,382 - aqt.updater - INFO - updater 33860 Patching c:\Users\JustinPC\Desktop\ShadPS4Dump\.qt\6.10.0\msvc2022_64\lib\Qt6QuickControlsTestUtils.prl
2026-06-25 23:53:39,391 - aqt.updater - INFO - updater 33860 Patching c:\Users\JustinPC\Desktop\ShadPS4Dump\.qt\6.10.0\msvc2022_64\lib\Qt6QuickControlsTestUtilsd.prl
2026-06-25 23:53:39,401 - aqt.updater - INFO - updater 33860 Patching c:\Users\JustinPC\Desktop\ShadPS4Dump\.qt\6.10.0\msvc2022_64\lib\Qt6Quickd.prl
2026-06-25 23:53:39,407 - aqt.updater - INFO - updater 33860 Patching c:\Users\JustinPC\Desktop\ShadPS4Dump\.qt\6.10.0\msvc2022_64\lib\Qt6QuickDialogs2.prl
2026-06-25 23:53:39,414 - aqt.updater - INFO - updater 33860 Patching c:\Users\JustinPC\Desktop\ShadPS4Dump\.qt\6.10.0\msvc2022_64\lib\Qt6QuickDialogs2d.prl
2026-06-25 23:53:39,421 - aqt.updater - INFO - updater 33860 Patching c:\Users\JustinPC\Desktop\ShadPS4Dump\.qt\6.10.0\msvc2022_64\lib\Qt6QuickDialogs2QuickImpl.prl
2026-06-25 23:53:39,428 - aqt.updater - INFO - updater 33860 Patching c:\Users\JustinPC\Desktop\ShadPS4Dump\.qt\6.10.0\msvc2022_64\lib\Qt6QuickDialogs2QuickImpld.prl
2026-06-25 23:53:39,435 - aqt.updater - INFO - updater 33860 Patching c:\Users\JustinPC\Desktop\ShadPS4Dump\.qt\6.10.0\msvc2022_64\lib\Qt6QuickDialogs2Utils.prl
2026-06-25 23:53:39,441 - aqt.updater - INFO - updater 33860 Patching c:\Users\JustinPC\Desktop\ShadPS4Dump\.qt\6.10.0\msvc2022_64\lib\Qt6QuickDialogs2Utilsd.prl
2026-06-25 23:53:39,448 - aqt.updater - INFO - updater 33860 Patching c:\Users\JustinPC\Desktop\ShadPS4Dump\.qt\6.10.0\msvc2022_64\lib\Qt6QuickEffects.prl
2026-06-25 23:53:39,455 - aqt.updater - INFO - updater 33860 Patching c:\Users\JustinPC\Desktop\ShadPS4Dump\.qt\6.10.0\msvc2022_64\lib\Qt6QuickEffectsd.prl
2026-06-25 23:53:39,462 - aqt.updater - INFO - updater 33860 Patching c:\Users\JustinPC\Desktop\ShadPS4Dump\.qt\6.10.0\msvc2022_64\lib\Qt6QuickLayouts.prl
2026-06-25 23:53:39,469 - aqt.updater - INFO - updater 33860 Patching c:\Users\JustinPC\Desktop\ShadPS4Dump\.qt\6.10.0\msvc2022_64\lib\Qt6QuickLayoutsd.prl
2026-06-25 23:53:39,476 - aqt.updater - INFO - updater 33860 Patching c:\Users\JustinPC\Desktop\ShadPS4Dump\.qt\6.10.0\msvc2022_64\lib\Qt6QuickParticles.prl
2026-06-25 23:53:39,484 - aqt.updater - INFO - updater 33860 Patching c:\Users\JustinPC\Desktop\ShadPS4Dump\.qt\6.10.0\msvc2022_64\lib\Qt6QuickParticlesd.prl
2026-06-25 23:53:39,491 - aqt.updater - INFO - updater 33860 Patching c:\Users\JustinPC\Desktop\ShadPS4Dump\.qt\6.10.0\msvc2022_64\lib\Qt6QuickShapes.prl
2026-06-25 23:53:39,497 - aqt.updater - INFO - updater 33860 Patching c:\Users\JustinPC\Desktop\ShadPS4Dump\.qt\6.10.0\msvc2022_64\lib\Qt6QuickShapesd.prl
2026-06-25 23:53:39,504 - aqt.updater - INFO - updater 33860 Patching c:\Users\JustinPC\Desktop\ShadPS4Dump\.qt\6.10.0\msvc2022_64\lib\Qt6QuickShapesDesignHelpers.prl
2026-06-25 23:53:39,511 - aqt.updater - INFO - updater 33860 Patching c:\Users\JustinPC\Desktop\ShadPS4Dump\.qt\6.10.0\msvc2022_64\lib\Qt6QuickShapesDesignHelpersd.prl
2026-06-25 23:53:39,518 - aqt.updater - INFO - updater 33860 Patching c:\Users\JustinPC\Desktop\ShadPS4Dump\.qt\6.10.0\msvc2022_64\lib\Qt6QuickTemplates2.prl
2026-06-25 23:53:39,525 - aqt.updater - INFO - updater 33860 Patching c:\Users\JustinPC\Desktop\ShadPS4Dump\.qt\6.10.0\msvc2022_64\lib\Qt6QuickTemplates2d.prl
2026-06-25 23:53:39,533 - aqt.updater - INFO - updater 33860 Patching c:\Users\JustinPC\Desktop\ShadPS4Dump\.qt\6.10.0\msvc2022_64\lib\Qt6QuickTest.prl
2026-06-25 23:53:39,541 - aqt.updater - INFO - updater 33860 Patching c:\Users\JustinPC\Desktop\ShadPS4Dump\.qt\6.10.0\msvc2022_64\lib\Qt6QuickTestd.prl
2026-06-25 23:53:39,549 - aqt.updater - INFO - updater 33860 Patching c:\Users\JustinPC\Desktop\ShadPS4Dump\.qt\6.10.0\msvc2022_64\lib\Qt6QuickTestUtils.prl
2026-06-25 23:53:39,556 - aqt.updater - INFO - updater 33860 Patching c:\Users\JustinPC\Desktop\ShadPS4Dump\.qt\6.10.0\msvc2022_64\lib\Qt6QuickTestUtilsd.prl
2026-06-25 23:53:39,565 - aqt.updater - INFO - updater 33860 Patching c:\Users\JustinPC\Desktop\ShadPS4Dump\.qt\6.10.0\msvc2022_64\lib\Qt6QuickVectorImage.prl
2026-06-25 23:53:39,573 - aqt.updater - INFO - updater 33860 Patching c:\Users\JustinPC\Desktop\ShadPS4Dump\.qt\6.10.0\msvc2022_64\lib\Qt6QuickVectorImaged.prl
2026-06-25 23:53:39,580 - aqt.updater - INFO - updater 33860 Patching c:\Users\JustinPC\Desktop\ShadPS4Dump\.qt\6.10.0\msvc2022_64\lib\Qt6QuickVectorImageGenerator.prl
2026-06-25 23:53:39,586 - aqt.updater - INFO - updater 33860 Patching c:\Users\JustinPC\Desktop\ShadPS4Dump\.qt\6.10.0\msvc2022_64\lib\Qt6QuickVectorImageGeneratord.prl
2026-06-25 23:53:39,594 - aqt.updater - INFO - updater 33860 Patching c:\Users\JustinPC\Desktop\ShadPS4Dump\.qt\6.10.0\msvc2022_64\lib\Qt6QuickVectorImageHelpers.prl
2026-06-25 23:53:39,601 - aqt.updater - INFO - updater 33860 Patching c:\Users\JustinPC\Desktop\ShadPS4Dump\.qt\6.10.0\msvc2022_64\lib\Qt6QuickVectorImageHelpersd.prl
2026-06-25 23:53:39,607 - aqt.updater - INFO - updater 33860 Patching c:\Users\JustinPC\Desktop\ShadPS4Dump\.qt\6.10.0\msvc2022_64\lib\Qt6QuickWidgets.prl
2026-06-25 23:53:39,614 - aqt.updater - INFO - updater 33860 Patching c:\Users\JustinPC\Desktop\ShadPS4Dump\.qt\6.10.0\msvc2022_64\lib\Qt6QuickWidgetsd.prl
2026-06-25 23:53:39,621 - aqt.updater - INFO - updater 33860 Patching c:\Users\JustinPC\Desktop\ShadPS4Dump\.qt\6.10.0\msvc2022_64\lib\Qt6Sql.prl
2026-06-25 23:53:39,628 - aqt.updater - INFO - updater 33860 Patching c:\Users\JustinPC\Desktop\ShadPS4Dump\.qt\6.10.0\msvc2022_64\lib\Qt6Sqld.prl
2026-06-25 23:53:39,634 - aqt.updater - INFO - updater 33860 Patching c:\Users\JustinPC\Desktop\ShadPS4Dump\.qt\6.10.0\msvc2022_64\lib\Qt6Svg.prl
2026-06-25 23:53:39,641 - aqt.updater - INFO - updater 33860 Patching c:\Users\JustinPC\Desktop\ShadPS4Dump\.qt\6.10.0\msvc2022_64\lib\Qt6Svgd.prl
2026-06-25 23:53:39,647 - aqt.updater - INFO - updater 33860 Patching c:\Users\JustinPC\Desktop\ShadPS4Dump\.qt\6.10.0\msvc2022_64\lib\Qt6SvgWidgets.prl
2026-06-25 23:53:39,654 - aqt.updater - INFO - updater 33860 Patching c:\Users\JustinPC\Desktop\ShadPS4Dump\.qt\6.10.0\msvc2022_64\lib\Qt6SvgWidgetsd.prl
2026-06-25 23:53:39,663 - aqt.updater - INFO - updater 33860 Patching c:\Users\JustinPC\Desktop\ShadPS4Dump\.qt\6.10.0\msvc2022_64\lib\Qt6Test.prl
2026-06-25 23:53:39,670 - aqt.updater - INFO - updater 33860 Patching c:\Users\JustinPC\Desktop\ShadPS4Dump\.qt\6.10.0\msvc2022_64\lib\Qt6Testd.prl
2026-06-25 23:53:39,677 - aqt.updater - INFO - updater 33860 Patching c:\Users\JustinPC\Desktop\ShadPS4Dump\.qt\6.10.0\msvc2022_64\lib\Qt6UiTools.prl
2026-06-25 23:53:39,684 - aqt.updater - INFO - updater 33860 Patching c:\Users\JustinPC\Desktop\ShadPS4Dump\.qt\6.10.0\msvc2022_64\lib\Qt6UiToolsd.prl
2026-06-25 23:53:39,691 - aqt.updater - INFO - updater 33860 Patching c:\Users\JustinPC\Desktop\ShadPS4Dump\.qt\6.10.0\msvc2022_64\lib\Qt6Widgets.prl
2026-06-25 23:53:39,699 - aqt.updater - INFO - updater 33860 Patching c:\Users\JustinPC\Desktop\ShadPS4Dump\.qt\6.10.0\msvc2022_64\lib\Qt6Widgetsd.prl
2026-06-25 23:53:39,706 - aqt.updater - INFO - updater 33860 Patching c:\Users\JustinPC\Desktop\ShadPS4Dump\.qt\6.10.0\msvc2022_64\lib\Qt6Xml.prl
2026-06-25 23:53:39,713 - aqt.updater - INFO - updater 33860 Patching c:\Users\JustinPC\Desktop\ShadPS4Dump\.qt\6.10.0\msvc2022_64\lib\Qt6Xmld.prl
2026-06-25 23:53:39,721 - aqt.main - INFO - installer 33860 Finished installation
2026-06-25 23:53:39,721 - aqt.main - INFO - installer 33860 Time elapsed: 49.58743050 second
